# distribution dependency file list
#
# NOTE: Source location is relative to the equivalent DEP env var.
#       Destination location are relative to the base module dist. dir.
# SYNTAX:
# <source location>; <dir category name>
# source location   = Dependeny file path relative to base source directory. 
# dir category name = Output directory category name. 
#
#
##
# Public libusbK header includes
#
\..\includes\*; \includes\;
#
##
# Example projects and solutions
\..\examples\*; \examples\;
#
##
# bindings
\..\bindings\*; \bindings\;
#
##
# Licenses
#
\..\license\*; \license\;
