ALLUSERSPROFILE=C:\ProgramData
APPDATA=C:\Users\Travis\AppData\Roaming
asl.log=Destination=file
ASTYLE=Astyle.exe --style=allman --lineend=windows --align-pointer=type --indent=tab  --pad-oper
ATL_INC_PATH=Z:\WinDDK\7600.16385.1\inc
ATL_INC_ROOT=Z:\WinDDK\7600.16385.1\inc
ATL_LIB_PATH=Z:\WinDDK\7600.16385.1\lib\atl\*
BASEDIR=Z:\WinDDK\7600.16385.1
BUFFER_OVERFLOW_CHECKS=1
BUILD_ALLOW_COMPILER_WARNINGS=1
BUILD_ALT_DIR=chk_wnet_IA64
BUILD_DEFAULT=-ei -nmake -i -nosqm
BUILD_DEFAULT_TARGETS=-ia64
BUILD_ERRORLEVEL=0
BUILD_MAKE_PROGRAM=nmake.exe
BUILD_MULTIPROCESSOR=1
BUILD_OUTPUT_COUNT=3
BUILD_OUTPUT_FILE_LIST=""
CLASSPATH=.;C:\Program Files (x86)\Java\jre6\lib\ext\QTJava.zip
COFFBASE_TXT_FILE=Z:\WinDDK\7600.16385.1\bin\coffbase.txt
CommonProgramFiles=C:\Program Files\Common Files
CommonProgramFiles(x86)=C:\Program Files (x86)\Common Files
CommonProgramW6432=C:\Program Files\Common Files
COMPUTERNAME=TRAVIS-PC
ComSpec=C:\windows\system32\cmd.exe
configsetroot=C:\windows\ConfigSetRoot
CPU=AMD64
CreateTempFileList=C:\Users\Travis\AppData\Local\Temp\__TempFiles_1359.lst
CRT_INC_PATH=Z:\WinDDK\7600.16385.1\inc\crt
CRT_LIB_PATH=Z:\WinDDK\7600.16385.1\lib\crt\*
DCMD=doscmd.exe
DDKBUILDENV=chk
DDK_INC_PATH=Z:\WinDDK\7600.16385.1\inc\ddk
DDK_LIB_DEST=Z:\WinDDK\7600.16385.1\lib\wnet
DDK_LIB_PATH=Z:\WinDDK\7600.16385.1\lib\wnet\*
DDK_TARGET_OS=WinNET
DEPRECATE_DDK_FUNCTIONS=1
DIR_SIGN_EXE=Z:\WinDDK\7600.16385.1\bin\amd64\
DRIVER_INC_PATH=Z:\WinDDK\7600.16385.1\inc\ddk
DXROOT=C:\Program Files (x86)\Sandcastle\
E_RET_FILE=C:\Users\Travis\AppData\Local\Temp\E_RET_FILE_17999.mrk
E_SND_FILE=C:\Users\Travis\AppData\Local\Temp\E_RET_FILE_17999.mrk
FP_NO_HOST_CHECK=NO
G_64=64
G_BENCHMARK_DEVICE_GUID={6C696275-7362-2D77-696E-33322D574446}
G_BENCHMARK_DEVICE_HWID=USB\VID_1234&PID_0001
G_build=build
G_BUILD_OUTPUT_BASE_ABS_DIR=Z:\SVNMAIN\GoogleCode\usb-travis\trunk\libusbwK\output
G_BUILD_OUTPUT_BASE_DIR=output
G_BUILD_OUTPUT_FILES=C:\Users\Travis\AppData\Local\Temp\G_BUILD_OUTPUT_FILES_5444.lst
G_BUILD_QUIET=1
G_chk=chk
G_CLEAN_BIN_EXP=\\Debug\\ \\Release\\ \.pdb$ \.exp$
G_CLEAN_SRC_EXP=resharper \\obj \\bin\\ \\buildfre \\buildchk \.suo$ \.user$ \.ncb$ \.orig$ \\Debug \\Release \\x64 \\x86 \\testing\\libusbwK.lib
G_dist=dist
G_DIST_BUILD_LIST=WXP; x64 WNET; 64 WNET;
G_DOSCMD_DIR=Z:\SVNMAIN\GoogleCode\usb-travis\trunk\libusbwK\build_tools
G_E_RET_FILE=C:\Users\Travis\AppData\Local\Temp\E_RET_FILE_17999.mrk
G_FORMATCODE_ARGS=--pad-oper --style=allman --indent=tab --lineend=windows --align-pointer=type --recursive *.c *.h;
G_FORMATCODE_EXE=C:\Windows\AStyle.exe
G_FORMATCODE_STA_OPS=--pad-oper --style=allman --indent=tab --lineend=windows --align-pointer=type
G_MAKE_CFG_FILE=Z:\SVNMAIN\GoogleCode\usb-travis\trunk\libusbwK\make.cfg
G_NO_OACR=no_oacr
G_PACKAGE_ALL_NAME=all
G_PACKAGE_ALL_SUBDIR_FORMAT=libusbwK-
G_PACKAGE_BIN_NAME=bin
G_PACKAGE_DIR=package
G_PACKAGE_NAME_FORMAT=libusbwK--
G_PACKAGE_ROOT_NAME=libusbwK
G_PACKAGE_SRC_NAME=src
G_SCRIPT_DEBUGGING=0
G_sign=sign
G_SIGN_CERT_ARGS=sign /v /ac "Z:\SVNMAIN\GoogleCode\usb-travis\trunk\libusbwK\cert\MSCV-GlobalSign.cer" /s my /n "Akeo Consulting" /t http://timestamp.globalsign.com/scripts/timstamp.dll
G_SIGN_CERT_FILE=Z:\SVNMAIN\GoogleCode\usb-travis\trunk\libusbwK\cert\MSCV-GlobalSign.cer
G_SIGN_CERT_NAME=Akeo Consulting
G_SIGN_CERT_TIMESTAMP=/t http://timestamp.globalsign.com/scripts/timstamp.dll
G_SIGN_CERT_VERIFY_ARGS=verify /kp /v
G_TARGET_OUTPUT_ABS_DIR=Z:\SVNMAIN\GoogleCode\usb-travis\trunk\libusbwK\output\chk\libusbwK_dll
G_TARGET_OUTPUT_ARCH=IA64
G_TARGET_OUTPUT_FILENAME=libusbwK.dll
G_TARGET_OUTPUT_FILENAME_EXT=dll	
G_TARGET_OUTPUT_FRIENDLYNAME=libusbwK_dll
G_TARGET_OUTPUT_NAME=libusbwK
G_WDK_BUILD_OPTIONS=/cegZ
G_WDK_DEF_ENV_OPTIONS=chk x86 WIN7
G_WDK_DIR=Z:\WinDDK\7600.16385.1
G_WDK_SOURCES_LIST=libusbwK.sys; libusbwK.lib; libusbwK.dll;
G_WNET=WNET
G__DD_=19
G__MM_=02
G__YYYY_=2011
HALKIT_INC_PATH=Z:\WinDDK\7600.16385.1\inc\ddk
HALKIT_LIB_PATH=Z:\WinDDK\7600.16385.1\lib\wnet\*
HOMEDRIVE=C:
HOMEPATH=\Users\Travis
IA64=1
IFSKIT_INC_PATH=Z:\WinDDK\7600.16385.1\inc\ddk
IFSKIT_LIB_DEST=Z:\WinDDK\7600.16385.1\lib\wnet
IFSKIT_LIB_PATH=Z:\WinDDK\7600.16385.1\lib\wnet\*
Include=Z:\WinDDK\7600.16385.1\inc\api
KMDFCOINSTALLERVERSION=01009
KMDFVERSION=1.9
KMDFVERSION_MAJOR=1
KMDFVERSION_MINOR=9
KMDF_INC_PATH=Z:\WinDDK\7600.16385.1\inc\wdf\kmdf
KMDF_LIB_PATH=Z:\WinDDK\7600.16385.1\lib\wdf\kmdf\*
LANGUAGE_NEUTRAL=0
Lib=Z:\WinDDK\7600.16385.1\lib
LINK_LIB_IGNORE=4198
LOCALAPPDATA=C:\Users\Travis\AppData\Local
LOGONSERVER=\\TRAVIS-PC
MAKE_CMD_PATH=Z:\SVNMAIN\GoogleCode\usb-travis\trunk\libusbwK\
MAKE_ORGINAL_WORKING_DIR=Z:\SVNMAIN\GoogleCode\usb-travis\trunk\libusbwK
MAKE_RUN_COUNT=20
MCC_INCLUDE=C:\MCC18\h;C:\MCC18\h;
MFC_INC_PATH=Z:\WinDDK\7600.16385.1\inc\mfc42
MFC_LIB_PATH=Z:\WinDDK\7600.16385.1\lib\mfc\*
MSC_OPTIMIZATION=/Od /Oi 
NEW_CRTS=1
NO_BINPLACE=TRUE
NO_BROWSER_FILE=TRUE
NTDBGFILES=1
NTDEBUG=ntsd
NTDEBUGTYPE=both
NTMAKEENV=Z:\WinDDK\7600.16385.1\bin
NUMBER_OF_PROCESSORS=8
OAK_INC_PATH=Z:\WinDDK\7600.16385.1\inc\api
OS=Windows_NT
Path=Z:\WinDDK\7600.16385.1\bin\amd64;Z:\WinDDK\7600.16385.1\tools\sdv\bin;Z:\WinDDK\7600.16385.1\bin\x86\ia64;Z:\WinDDK\7600.16385.1\bin\x86;Z:\WinDDK\7600.16385.1\tools\tracing\ia64;Z:\WinDDK\7600.16385.1\bin\SelfSign;Z:\SVNMAIN\GoogleCode\usb-travis\trunk\libusbwK\build_tools;C:\MCC18\mpasm;C:\MCC18\bin;C:\Program Files (x86)\Microchip\MPLAB C30\bin;C:\windows\system32;C:\windows;C:\windows\System32\Wbem;C:\windows\System32\WindowsPowerShell\v1.0\;C:\Program Files\Intel\DMIX;c:\Program Files (x86)\Microsoft SQL Server\90\Tools\binn\;C:\Program Files (x86)\Microchip\MPLAB C32 Suite\bin;C:\Program Files (x86)\TortoiseSVN\bin;C:\Program Files\TortoiseSVN\bin;C:\Program Files\TortoiseGit\bin;C:\Program Files (x86)\Git\cmd;C:\Program Files\SlikSvn\bin\;C:\MinGW64\bin;C:\Program Files (x86)\QuickTime\QTSystem\;C:\MCC18\mpasm;C:\MCC18\bin;C:\MCC18\mpasm;C:\MCC18\bin;C:\Program Files (x86)\7-Zip;C:\Program Files (x86)\Inno Setup 5;C:\Program Files\SlikSvn\bin;C:\MinGW\msys\1.0\bin;Z:\ILMerge;C:\Users\Travis\batch_files
PATHEXT=.COM;.EXE;.BAT;.CMD;.VBS;.VBE;.JS;.JSE;.WSF;.WSH;.MSC
PROCESSOR_ARCHITECTURE=AMD64
PROCESSOR_IDENTIFIER=Intel64 Family 6 Model 30 Stepping 5, GenuineIntel
PROCESSOR_LEVEL=6
PROCESSOR_REVISION=1e05
ProgramData=C:\ProgramData
ProgramFiles=C:\Program Files
ProgramFiles(x86)=C:\Program Files (x86)
ProgramW6432=C:\Program Files
PROJECT_ROOT=Z:\WinDDK\7600.16385.1\src
PROMPT=$P$G
PSModulePath=C:\windows\system32\WindowsPowerShell\v1.0\Modules\
PUBLIC=C:\Users\Public
PUBLIC_ROOT=Z:\WinDDK\7600.16385.1
PUBLISH_CMD=@echo Publish not available...
QTJAVA=C:\Program Files (x86)\Java\jre6\lib\ext\QTJava.zip
RAZZLETOOLPATH=Z:\WinDDK\7600.16385.1\Bin
RCNOFONTMAP=1
SafeCall_Command=build /cegZ
SDK_INC_PATH=Z:\WinDDK\7600.16385.1\inc\api
SDK_LIB_DEST=Z:\WinDDK\7600.16385.1\lib\wnet
SDK_LIB_PATH=Z:\WinDDK\7600.16385.1\lib\wnet\*
SDV=Z:\WinDDK\7600.16385.1\tools\sdv
separate_object_root=FALSE
SESSIONNAME=Console
SHFBROOT=C:\Program Files (x86)\EWSoftware\Sandcastle Help File Builder\
SystemDrive=C:
SystemRoot=C:\windows
TARGET_FINAL_OUTPUT_DIR=Z:\SVNMAIN\GoogleCode\usb-travis\trunk\libusbwK\output\chk\libusbwK_dll\IA64
TARGET_VERSION=3.0.0.17
TARGET_VERSION_IN_FILE=NUL
TARGET_VERSION_LINK_NAME=PACKAGE
TARGET_VERSION_MAJOR=3
TARGET_VERSION_MICRO=0
TARGET_VERSION_MINOR=0
TARGET_VERSION_NAME=PACKAGE
TARGET_VERSION_NANO=17
TARGET_VERSION_OUT_FILE=NUL
TEMP=C:\Users\Travis\AppData\Local\Temp
TMP=C:\Users\Travis\AppData\Local\Temp
UMDF_INC_PATH=Z:\WinDDK\7600.16385.1\inc\wdf\umdf
USERDOMAIN=Travis-PC
USERNAME=WinDDK
USERPROFILE=C:\Users\Travis
USE_OBJECT_ROOT=1
VersionLookup=1
VERSION_FILENAME="libusbwK.dll"
VS90COMNTOOLS=C:\Program Files (x86)\Microsoft Visual Studio 9.0\Common7\Tools\
WDK_BUILD_LAST_dll	_TARGETFILE=Z:\SVNMAIN\GoogleCode\usb-travis\trunk\libusbwK\output\chk\libusbwK_dll\IA64\libusbwK.dll
WDK_BUILD_LAST_lib	_TARGETFILE=Z:\SVNMAIN\GoogleCode\usb-travis\trunk\libusbwK\output\chk\libusbwK_lib\IA64\libusbwK.lib
WDK_BUILD_LAST_sys	_TARGETFILE=Z:\SVNMAIN\GoogleCode\usb-travis\trunk\libusbwK\output\chk\libusbwK_sys\IA64\libusbwK.sys
WDK_ENV_OPTIONS=chk 64 WNET no_oacr
WDM_INC_PATH=Z:\WinDDK\7600.16385.1\inc\ddk
windir=C:\windows
WOUND_GUID=B49955DF-0623-4b65-A6E3-B5A91F3D2CFB
WPP_CONFIG_PATH=Z:\WinDDK\7600.16385.1\bin\wppconfig
_AMD64bit=false
_BUILDARCH=IA64
_BuildType=chk
_DIR_=Z:\SVNMAIN\GoogleCode\usb-travis\trunk\libusbwK\
_DRIVE_=Z:
_FILEEXT_=.cfg
_FILENAME_=make.cfg
_FILESIZE_=4476
_FILE_=make
_MAKE_DIR_=Z:\SVNMAIN\GoogleCode\usb-travis\trunk\libusbwK\
_NTDRIVE=Z:
_NTROOT=\WinDDK\7600.16385.1
_NT_TARGET_VERSION=0x502
_RunOacr=False
_S_CLR=0A 08 0B
_W0=17
_W1="7"
__ArgumentsToEnv=C:\Users\Travis\AppData\Local\Temp\__ArgumentsToEnv_17623.bat
__Build_FileList=C:\Users\Travis\AppData\Local\Temp\__Build_FileList_19811.tmp
__Build_FileList_Args= ".\output\chk\libusbwK_dll\ia64\libusbwK.dll" ".\output\chk\libusbwK_dll\ia64\libusbwK.lib"
__Build_FileList_Fmt="@s\n\t@s"
__BUILD_VERSION_FILE=Z:\SVNMAIN\GoogleCode\usb-travis\trunk\libusbwK\make.versions
__CHECK_CMD=build
__CHECK_NAME=3.0.0.17
__LoadCfgFile=C:\Users\Travis\AppData\Local\Temp\__LoadCfgFile_1506.bat
__OutputToFile=C:\Users\Travis\AppData\Local\Temp\__OutputToFile_5559.bat
__SafeCallOutputErr=C:\Users\Travis\AppData\Local\Temp\__SafeCallOutputErr_24318.err
__SafeCallOutputLog=C:\Users\Travis\AppData\Local\Temp\__SafeCallOutputLog_28435.log
__SIGN_IS_SIGNABLE=1
__SOURCES_COUNT=1
__SOURCES_DIR=Z:\SVNMAIN\GoogleCode\usb-travis\trunk\libusbwK\src\libusbwK.dll\
__SOURCES_FILE=Z:\SVNMAIN\GoogleCode\usb-travis\trunk\libusbwK\src\libusbwK.dll\libusbwK.dll.sources
__SOURCES_FILENAME=libusbwK.dll.sources
__SOURCES_NAME=libusbwK.dll
__STDERR_FILE=NUL
__STDOUT_FILE=C:\Users\Travis\AppData\Local\Temp\__Build_FileList_19811.tmp
__ToRelPath=.\output\chk\libusbwK_dll\ia64\libusbwK.pdb
__Version_File=Z:\SVNMAIN\GoogleCode\usb-travis\trunk\libusbwK\make.versions
__Version_Line=C:\Users\Travis\AppData\Local\Temp\__Version_Line_9206.tmp
