386=1
ALLUSERSPROFILE=C:\ProgramData
APPDATA=C:\Users\Extre\AppData\Roaming
ARMGCC_INSTALL_PATH=E:\Cypress\EZ-USB FX3 SDK\1.3\ARM GCC\
ARMGCC_VERSION=4.8.1
ATL_INC_PATH=Z:\WinDDK\7600.16385.1\inc
ATL_INC_ROOT=Z:\WinDDK\7600.16385.1\inc
ATL_LIB_PATH=Z:\WinDDK\7600.16385.1\lib\atl\*
BASEDIR=Z:\WinDDK\7600.16385.1
BUILD_ALT_DIR=fre_wxp_x86
BUILD_DEFAULT=-ei -nmake -i -nosqm
BUILD_DEFAULT_TARGETS=-386
BUILD_ERRORLEVEL=1
BUILD_MAKE_PROGRAM=nmake.exe
BUILD_MULTIPROCESSOR=1
BUILD_OUTPUT_COUNT=0
BUILD_OUTPUT_FILE_LIST=""
CARBON_MEM_DISABLE=1
COFFBASE_TXT_FILE=Z:\WinDDK\7600.16385.1\bin\coffbase.txt
CommonProgramFiles=C:\Program Files\Common Files
CommonProgramFiles(x86)=C:\Program Files (x86)\Common Files
CommonProgramW6432=C:\Program Files\Common Files
COMPUTERNAME=EXTREME
ComSpec=C:\WINDOWS\system32\cmd.exe
CPU=AMD64
CreateTempFileList=C:\Users\Extre\AppData\Local\Temp\__TempFiles_16295.lst
CRT_INC_PATH=Z:\WinDDK\7600.16385.1\inc\crt
CRT_LIB_PATH=Z:\WinDDK\7600.16385.1\lib\crt\*
DCMD=doscmd.exe
DDKBUILDENV=fre
DDK_INC_PATH=Z:\WinDDK\7600.16385.1\inc\ddk
DDK_LIB_DEST=Z:\WinDDK\7600.16385.1\lib\wxp
DDK_LIB_PATH=Z:\WinDDK\7600.16385.1\lib\wxp\*
DDK_TARGET_OS=WinXP
DriverData=C:\Windows\System32\Drivers\DriverData
DRIVER_INC_PATH=Z:\WinDDK\7600.16385.1\inc\ddk
E_RET_FILE=C:\Users\Extre\AppData\Local\Temp\E_RET_FILE_26276.mrk
E_SND_FILE=C:\Users\Extre\AppData\Local\Temp\E_RET_FILE_26276.mrk
FX3_INSTALL_PATH=E:\Cypress\EZ-USB FX3 SDK\1.3\
G_build=build
G_BUILD_OUTPUT_BASE_ABS_DIR=Z:\Dev\doscmd\output
G_BUILD_OUTPUT_BASE_DIR=output
G_BUILD_OUTPUT_FILES=C:\Users\Extre\AppData\Local\Temp\G_BUILD_OUTPUT_FILES_26647.lst
G_BUILD_QUIET=1
G_CLEAN_BIN_EXP=\\Debug\\ \\Release\\ \.pdb$ \.exp$
G_CLEAN_SRC_EXP=resharper \\obj \\bin\\ \\buildfre \\buildchk \.suo$ \.user$ \.ncb$ \.orig$
G_dist=dist
G_DIST_BUILD_LIST=WXP; x64 WNET; 64 WNET;
G_DOSCMD_DIR=Z:\Dev\doscmd\build_tools
G_E_RET_FILE=C:\Users\Extre\AppData\Local\Temp\E_RET_FILE_26276.mrk
G_FORMATCODE_ARGS=--pad-oper --style=allman --indent=tab --lineend=windows --align-pointer=type --recursive *.c *.h
G_FORMATCODE_EXE=AStyle.exe
G_FRE=FRE
G_MAKE_CFG_FILE=Z:\Dev\doscmd\make.cfg
G_no_oacr=no_oacr
G_PACKAGE_ALL_NAME=all
G_PACKAGE_ALL_SUBDIR_FORMAT=doscmd-
G_PACKAGE_BIN_NAME=bin
G_PACKAGE_DIR=package
G_PACKAGE_NAME_FORMAT=doscmd--
G_PACKAGE_ROOT_NAME=doscmd
G_PACKAGE_SRC_NAME=src
G_SCRIPT_DEBUGGING=0
G_SIGN_CERT_ARGS=sign /v /ac "Z:\Dev\doscmd\cert\MSCV-GlobalSign.cer" /s my /n "Akeo Consulting" /t http://timestamp.globalsign.com/scripts/timstamp.dll
G_SIGN_CERT_FILE=Z:\Dev\doscmd\cert\MSCV-GlobalSign.cer
G_SIGN_CERT_NAME=Akeo Consulting
G_SIGN_CERT_TIMESTAMP=/t http://timestamp.globalsign.com/scripts/timstamp.dll
G_SIGN_CERT_VERIFY_ARGS=verify /kp /v
G_TARGET_OUTPUT_ABS_DIR=Z:\Dev\doscmd\output\fre\doscmd_dll
G_TARGET_OUTPUT_ARCH=i386
G_TARGET_OUTPUT_FILENAME=doscmd.dll
G_TARGET_OUTPUT_FILENAME_EXT=dll	
G_TARGET_OUTPUT_FRIENDLYNAME=doscmd_dll
G_TARGET_OUTPUT_NAME=doscmd
G_WDK_BUILD_OPTIONS=/cegZ
G_WDK_DEF_ENV_OPTIONS=fre x64 WIN7
G_WDK_DIR=Z:\WinDDK\7600.16385.1
G_WDK_SOURCES_LIST=doscmd.dll; doscmd.exe;
G_WXP=WXP
G__DD_=20
G__MM_=07
G__YYYY_=2021
HALKIT_INC_PATH=Z:\WinDDK\7600.16385.1\inc\ddk
HALKIT_LIB_PATH=Z:\WinDDK\7600.16385.1\lib\wxp\*
HOMEDRIVE=C:
HOMEPATH=\Users\Extre
IDF_TOOLS_PATH=E:\espdev\tools
IFSKIT_INC_PATH=Z:\WinDDK\7600.16385.1\inc\ddk
IFSKIT_LIB_DEST=Z:\WinDDK\7600.16385.1\lib\wxp
IFSKIT_LIB_PATH=Z:\WinDDK\7600.16385.1\lib\wxp\*
Include=Z:\WinDDK\7600.16385.1\inc\api
INTELLILOCK=C:\Program Files (x86)\Eziriz\IntelliLock
KMDF_INC_PATH=Z:\WinDDK\7600.16385.1\inc\wdf\kmdf
KMDF_LIB_PATH=Z:\WinDDK\7600.16385.1\lib\wdf\kmdf\*
LANGUAGE_NEUTRAL=0
Lib=Z:\WinDDK\7600.16385.1\lib
LINK_LIB_IGNORE=4198
LOCALAPPDATA=C:\Users\Extre\AppData\Local
LOGONSERVER=\\EXTREME
MAKE_CMD_PATH=Z:\Dev\doscmd\
MAKE_ORGINAL_WORKING_DIR=Z:\Dev\doscmd
MAKE_RUN_COUNT=2
MFC_INC_PATH=Z:\WinDDK\7600.16385.1\inc\mfc42
MFC_LIB_PATH=Z:\WinDDK\7600.16385.1\lib\mfc\*
NEW_CRTS=1
NO_BINPLACE=TRUE
NO_BROWSER_FILE=TRUE
NRFGOSTUDIOPATH=C:\Program Files (x86)\Nordic Semiconductor\nRFgo Studio
NTDBGFILES=1
NTDEBUG=ntsdnodbg
NTDEBUGTYPE=windbg
NTMAKEENV=Z:\WinDDK\7600.16385.1\bin
NUMBER_OF_PROCESSORS=20
OAK_INC_PATH=Z:\WinDDK\7600.16385.1\inc\api
OneDrive=C:\Users\Extre\OneDrive
OneDriveConsumer=C:\Users\Extre\OneDrive
OS=Windows_NT
Path=Z:\WinDDK\7600.16385.1\bin\amd64;Z:\WinDDK\7600.16385.1\tools\sdv\bin;Z:\WinDDK\7600.16385.1\tools\pfd\bin\bin\x86;Z:\WinDDK\7600.16385.1\tools\tracing\i386;Z:\WinDDK\7600.16385.1\bin\x86;Z:\WinDDK\7600.16385.1\bin\x86\x86;Z:\WinDDK\7600.16385.1\bin\SelfSign;Z:\Dev\doscmd\build_tools;C:\Program Files (x86)\Eziriz\IntelliLock;E:\Python39\Scripts\;E:\Python39\;C:\Program Files (x86)\Microchip\mplabc32\v2.02\bin;C:\Program Files (x86)\Common Files\Oracle\Java\javapath;C:\WINDOWS\system32;C:\WINDOWS;C:\WINDOWS\System32\Wbem;C:\WINDOWS\System32\WindowsPowerShell\v1.0\;C:\WINDOWS\System32\OpenSSH\;c:\Program Files (x86)\Microsoft SQL Server\100\Tools\Binn\;c:\Program Files\Microsoft SQL Server\100\Tools\Binn\;c:\Program Files\Microsoft SQL Server\100\DTS\Binn\;C:\Program Files\dotnet\;C:\Program Files\Microsoft SQL Server\130\Tools\Binn\;C:\Program Files\Microsoft SQL Server\Client SDK\ODBC\170\Tools\Binn\;C:\Program Files\TortoiseHg\;C:\Program Files\Git\cmd;C:\Program Files (x86)\Nordic Semiconductor\nrf-command-line-tools\bin\;C:\Program Files (x86)\Microsoft SQL Server\90\Tools\binn\;C:\Program Files (x86)\Windows Kits\10\Windows Performance Toolkit\;E:\Cypress\EZ-USB FX3 SDK\1.3\util\elf2img\;E:\Cypress\EZ-USB FX3 SDK\1.3\ARM GCC\bin\;E:\Cypress\EZ-USB FX3 SDK\1.3\util\elf2img\;C;C:\Program Files\TortoiseSVN\bin;C:\Users\Extre\AppData\Local\Microsoft\WindowsApps;C:\Users\Extre\AppData\Local\Programs\Microsoft VS Code\bin;C:\Program Files (x86)\7-Zip;C:\Users\Extre\.dotnet\tools;C:\Users\Extre\AppData\Local\GitHubDesktop\bin;E:\doxygen-1.8.6;E:\Inno Setup 5
PATHEXT=.COM;.EXE;.BAT;.CMD;.VBS;.VBE;.JS;.JSE;.WSF;.WSH;.MSC;.PY;.PYW
PROCESSOR_ARCHITECTURE=AMD64
PROCESSOR_IDENTIFIER=Intel64 Family 6 Model 79 Stepping 1, GenuineIntel
PROCESSOR_LEVEL=6
PROCESSOR_REVISION=4f01
ProgramData=C:\ProgramData
ProgramFiles=C:\Program Files
ProgramFiles(x86)=C:\Program Files (x86)
ProgramW6432=C:\Program Files
PROJECT_ROOT=Z:\WinDDK\7600.16385.1\src
PROMPT=$P$G
PSModulePath=%ProgramFiles%\WindowsPowerShell\Modules;C:\WINDOWS\system32\WindowsPowerShell\v1.0\Modules
PUBLIC=C:\Users\Public
PUBLIC_ROOT=Z:\WinDDK\7600.16385.1
PUBLISH_CMD=@echo Publish not available...
PYTHONPATH=E:\Python39
RAZZLETOOLPATH=Z:\WinDDK\7600.16385.1\Bin
RCNOFONTMAP=1
SafeCall_Command=build /cegZ
SDK_INC_PATH=Z:\WinDDK\7600.16385.1\inc\api
SDK_LIB_DEST=Z:\WinDDK\7600.16385.1\lib\wxp
SDK_LIB_PATH=Z:\WinDDK\7600.16385.1\lib\wxp\*
SDV=Z:\WinDDK\7600.16385.1\tools\sdv
separate_object_root=FALSE
SystemDrive=C:
SystemRoot=C:\WINDOWS
TARGET_FINAL_OUTPUT_DIR=Z:\Dev\doscmd\output\fre\doscmd_dll\i386
TEMP=C:\Users\Extre\AppData\Local\Temp
TMP=C:\Users\Extre\AppData\Local\Temp
UMDF_INC_PATH=Z:\WinDDK\7600.16385.1\inc\wdf\umdf
USERDOMAIN=EXTREME
USERDOMAIN_ROAMINGPROFILE=EXTREME
USERNAME=WinDDK
USERPROFILE=C:\Users\Extre
USE_OBJECT_ROOT=1
VERSION_FILENAME="doscmd.dll"
VISUALGDB_DIR=C:\Program Files (x86)\Sysprogs\VisualGDB\
VS100COMNTOOLS=C:\Program Files (x86)\Microsoft Visual Studio 10.0\Common7\Tools\
VS90COMNTOOLS=C:\Program Files (x86)\Microsoft Visual Studio 9.0\Common7\Tools\
VSSDK100Install=C:\Program Files (x86)\Microsoft Visual Studio 2010 SDK SP1\
WDK_BUILD_LAST_dll	_TARGETFILE=Z:\Dev\doscmd\output\fre\doscmd_dll\i386\doscmd.dll
WDK_ENV_OPTIONS=FRE WXP no_oacr
WDM_INC_PATH=Z:\WinDDK\7600.16385.1\inc\ddk
windir=C:\WINDOWS
WOUND_GUID=B49955DF-0623-4b65-A6E3-B5A91F3D2CFB
WPP_CONFIG_PATH=Z:\WinDDK\7600.16385.1\bin\wppconfig
WSLENV=WT_SESSION::WT_PROFILE_ID
WT_PROFILE_ID={11714c2d-a49a-471e-adeb-99c4d2000440}
WT_SESSION=f5a1d55d-739a-4734-a683-899b3ee4e390
_BUILDARCH=x86
_BuildType=fre
_DIR_=Z:\Dev\doscmd\
_DRIVE_=Z:
_FILEEXT_=.cfg
_FILENAME_=make.cfg
_FILESIZE_=3280
_FILE_=make
_IA32bit=true
_MAKE_DIR_=Z:\Dev\doscmd\
_NTDRIVE=Z:
_NTROOT=\WinDDK\7600.16385.1
_NT_TARGET_VERSION=0x501
_RunOacr=False
_S_CLR=CF 08 0C
_W0=doscmd.dll
_W1="d"
__ArgumentsToEnv=C:\Users\Extre\AppData\Local\Temp\__ArgumentsToEnv_3861.bat
__BUILD_VERSION_FILE=Z:\Dev\doscmd\make.versions
__CHECK_CMD=build
__LoadCfgFile=C:\Users\Extre\AppData\Local\Temp\__LoadCfgFile_26016.bat
__SafeCallOutputErr=C:\Users\Extre\AppData\Local\Temp\__SafeCallOutputErr_25470.err
__SafeCallOutputLog=C:\Users\Extre\AppData\Local\Temp\__SafeCallOutputLog_2580.log
__SOURCES_COUNT=1
__SOURCES_DIR=Z:\Dev\doscmd\src\dll\
__SOURCES_FILE=Z:\Dev\doscmd\src\dll\doscmd.dll.sources
__SOURCES_FILENAME=doscmd.dll.sources
__SOURCES_NAME=doscmd.dll
